0 verbose cli /usr/local/bin/node /usr/local/bin/npm
1 info using npm@9.4.0
2 info using node@v19.6.1
3 timing npm:load:whichnode Completed in 32ms
4 timing config:load:defaults Completed in 17ms
5 timing config:load:file:/usr/local/lib/node_modules/npm/npmrc Completed in 26ms
6 timing config:load:builtin Completed in 29ms
7 timing config:load:cli Completed in 13ms
8 timing config:load:env Completed in 1ms
9 timing config:load:file:/usr/src/app/.npmrc Completed in 0ms
10 timing config:load:project Completed in 80ms
11 timing config:load:file:/root/.npmrc Completed in 12ms
12 timing config:load:user Completed in 13ms
13 timing config:load:file:/usr/local/etc/npmrc Completed in 8ms
14 timing config:load:global Completed in 8ms
15 timing config:load:setEnvs Completed in 14ms
16 timing config:load Completed in 179ms
17 timing npm:load:configload Completed in 188ms
18 timing npm:load:mkdirpcache Completed in 9ms
19 timing npm:load:mkdirplogs Completed in 1ms
20 verbose title npm run dev
21 verbose argv "run" "dev"
22 timing npm:load:setTitle Completed in 12ms
23 timing config:load:flatten Completed in 26ms
24 timing npm:load:display Completed in 27ms
25 verbose logfile logs-max:10 dir:/usr/src/app/.npm/_logs/2024-11-25T18_40_59_527Z-
26 verbose logfile /usr/src/app/.npm/_logs/2024-11-25T18_40_59_527Z-debug-0.log
27 timing npm:load:logFile Completed in 33ms
28 timing npm:load:timers Completed in 1ms
29 timing npm:load:configScope Completed in 0ms
30 timing npm:load Completed in 303ms
31 silly logfile start cleaning logs, removing 1 files
32 silly logfile done cleaning log files
33 timing command:run Completed in 1606ms
34 verbose exit 1
35 timing npm Completed in 1959ms
36 verbose code 1
